<?xml version="1.0" encoding="UTF-8"?>
<!-- Generated by org.testng.reporters.JUnitReportReporter -->
<testsuite skipped="0" hostname="MacBook-Pro-de-Itexico-2.local" name="training.selenium.test.FirstTest" tests="2" failures="0" timestamp="18 Nov 2019 22:25:53 GMT" time="0.009" errors="0">
  <testcase name="Test1" time="0.005" classname="training.selenium.test.FirstTest"/>
  <testcase name="Test2" time="0.004" classname="training.selenium.test.FirstTest"/>
</testsuite> <!-- training.selenium.test.FirstTest -->
